# JRE version: OpenJDK Runtime Environment Temurin-23.0.2+7 (23.0.2+7) (build 23.0.2+7)
# Java VM: OpenJDK 64-Bit Server VM Temurin-23.0.2+7 (23.0.2+7, mixed mode, sharing, tiered, compressed oops, compressed class ptrs, g1 gc, linux-amd64)
GC Precious Log:
 CardTable entry size: 512
 Card Set container configuration: InlinePtr #cards 4 size 8 Array Of Cards #cards 32 size 80 Howl #buckets 8 coarsen threshold 7372 Howl Bitmap #cards 1024 size 144 coarsen threshold 921 Card regions per heap region 1 cards per card region 8192
 CPUs: 24 total, 24 available
 Memory: 31518M
 Large Page Support: Disabled
 NUMA Support: Disabled
 Compressed Oops: Enabled (Zero based)
 Heap Region Size: 4M
 Heap Min Capacity: 8M
 Heap Initial Capacity: 496M
 Heap Max Capacity: 7880M
 Pre-touch: Disabled
 Parallel Workers: 18
 Concurrent Workers: 5
 Concurrent Refinement Workers: 18
 Periodic GC: Disabled
Heap:
 garbage-first heap   total reserved 8069120K, committed 512000K, used 52519K [0x0000000613800000, 0x0000000800000000)
  region size 4096K, 13 young (53248K), 2 survivors (8192K)
 Metaspace       used 17169K, committed 17536K, reserved 1114112K
  class space    used 1898K, committed 2048K, reserved 1048576K
GC Heap History (8 events):
Event: 24,743 GC heap before
{Heap before GC invocations=0 (full 0):
 garbage-first heap   total reserved 8069120K, committed 512000K, used 25732K [0x0000000613800000, 0x0000000800000000)
  region size 4096K, 6 young (24576K), 0 survivors (0K)
 Metaspace       used 6054K, committed 6336K, reserved 1114112K
  class space    used 718K, committed 832K, reserved 1048576K
}
Event: 24,747 GC heap after
{Heap after GC invocations=1 (full 0):
 garbage-first heap   total reserved 8069120K, committed 512000K, used 3883K [0x0000000613800000, 0x0000000800000000)
  region size 4096K, 1 young (4096K), 1 survivors (4096K)
 Metaspace       used 6054K, committed 6336K, reserved 1114112K
  class space    used 718K, committed 832K, reserved 1048576K
}
Event: 24,857 GC heap before
{Heap before GC invocations=1 (full 0):
 garbage-first heap   total reserved 8069120K, committed 512000K, used 28459K [0x0000000613800000, 0x0000000800000000)
  region size 4096K, 7 young (28672K), 1 survivors (4096K)
 Metaspace       used 9170K, committed 9408K, reserved 1114112K
  class space    used 1119K, committed 1216K, reserved 1048576K
}
Event: 24,860 GC heap after
{Heap after GC invocations=2 (full 0):
 garbage-first heap   total reserved 8069120K, committed 512000K, used 4888K [0x0000000613800000, 0x0000000800000000)
  region size 4096K, 1 young (4096K), 1 survivors (4096K)
 Metaspace       used 9170K, committed 9408K, reserved 1114112K
  class space    used 1119K, committed 1216K, reserved 1048576K
}
Event: 25,362 GC heap before
{Heap before GC invocations=2 (full 0):
 garbage-first heap   total reserved 8069120K, committed 512000K, used 74520K [0x0000000613800000, 0x0000000800000000)
  region size 4096K, 18 young (73728K), 1 survivors (4096K)
 Metaspace       used 15637K, committed 15936K, reserved 1114112K
  class space    used 1822K, committed 1984K, reserved 1048576K
}
Event: 25,366 GC heap after
{Heap after GC invocations=3 (full 0):
 garbage-first heap   total reserved 8069120K, committed 512000K, used 10657K [0x0000000613800000, 0x0000000800000000)
  region size 4096K, 2 young (8192K), 2 survivors (8192K)
 Metaspace       used 15637K, committed 15936K, reserved 1114112K
  class space    used 1822K, committed 1984K, reserved 1048576K
}
Event: 25,878 GC heap before
{Heap before GC invocations=3 (full 0):
 garbage-first heap   total reserved 8069120K, committed 512000K, used 76193K [0x0000000613800000, 0x0000000800000000)
  region size 4096K, 18 young (73728K), 2 survivors (8192K)
 Metaspace       used 16825K, committed 17088K, reserved 1114112K
  class space    used 1884K, committed 1984K, reserved 1048576K
}
Event: 25,882 GC heap after
{Heap after GC invocations=4 (full 0):
 garbage-first heap   total reserved 8069120K, committed 512000K, used 11559K [0x0000000613800000, 0x0000000800000000)
  region size 4096K, 2 young (8192K), 2 survivors (8192K)
 Metaspace       used 16825K, committed 17088K, reserved 1114112K
  class space    used 1884K, committed 1984K, reserved 1048576K
}

