# JRE version: OpenJDK Runtime Environment Temurin-23.0.2+7 (23.0.2+7) (build 23.0.2+7)
# Java VM: OpenJDK 64-Bit Server VM Temurin-23.0.2+7 (23.0.2+7, mixed mode, sharing, tiered, compressed oops, compressed class ptrs, g1 gc, linux-amd64)
GC Precious Log:
 CardTable entry size: 512
 Card Set container configuration: InlinePtr #cards 4 size 8 Array Of Cards #cards 32 size 80 Howl #buckets 8 coarsen threshold 7372 Howl Bitmap #cards 1024 size 144 coarsen threshold 921 Card regions per heap region 1 cards per card region 8192
 CPUs: 24 total, 24 available
 Memory: 31518M
 Large Page Support: Disabled
 NUMA Support: Disabled
 Compressed Oops: Enabled (Zero based)
 Heap Region Size: 4M
 Heap Min Capacity: 8M
 Heap Initial Capacity: 496M
 Heap Max Capacity: 7880M
 Pre-touch: Disabled
 Parallel Workers: 18
 Concurrent Workers: 5
 Concurrent Refinement Workers: 18
 Periodic GC: Disabled
Heap:
 garbage-first heap   total reserved 8069120K, committed 512000K, used 34058K [0x0000000613800000, 0x0000000800000000)
  region size 4096K, 9 young (36864K), 2 survivors (8192K)
 Metaspace       used 17201K, committed 17536K, reserved 1114112K
  class space    used 1890K, committed 2048K, reserved 1048576K
GC Heap History (8 events):
Event: 0,543 GC heap before
{Heap before GC invocations=0 (full 0):
 garbage-first heap   total reserved 8069120K, committed 512000K, used 25732K [0x0000000613800000, 0x0000000800000000)
  region size 4096K, 6 young (24576K), 0 survivors (0K)
 Metaspace       used 6121K, committed 6400K, reserved 1114112K
  class space    used 700K, committed 832K, reserved 1048576K
}
Event: 0,547 GC heap after
{Heap after GC invocations=1 (full 0):
 garbage-first heap   total reserved 8069120K, committed 512000K, used 3595K [0x0000000613800000, 0x0000000800000000)
  region size 4096K, 1 young (4096K), 1 survivors (4096K)
 Metaspace       used 6121K, committed 6400K, reserved 1114112K
  class space    used 700K, committed 832K, reserved 1048576K
}
Event: 0,669 GC heap before
{Heap before GC invocations=1 (full 0):
 garbage-first heap   total reserved 8069120K, committed 512000K, used 24075K [0x0000000613800000, 0x0000000800000000)
  region size 4096K, 7 young (28672K), 1 survivors (4096K)
 Metaspace       used 9250K, committed 9472K, reserved 1114112K
  class space    used 1122K, committed 1216K, reserved 1048576K
}
Event: 0,672 GC heap after
{Heap after GC invocations=2 (full 0):
 garbage-first heap   total reserved 8069120K, committed 512000K, used 4175K [0x0000000613800000, 0x0000000800000000)
  region size 4096K, 1 young (4096K), 1 survivors (4096K)
 Metaspace       used 9250K, committed 9472K, reserved 1114112K
  class space    used 1122K, committed 1216K, reserved 1048576K
}
Event: 36,569 GC heap before
{Heap before GC invocations=2 (full 0):
 garbage-first heap   total reserved 8069120K, committed 512000K, used 73807K [0x0000000613800000, 0x0000000800000000)
  region size 4096K, 19 young (77824K), 1 survivors (4096K)
 Metaspace       used 15151K, committed 15424K, reserved 1114112K
  class space    used 1737K, committed 1856K, reserved 1048576K
}
Event: 36,573 GC heap after
{Heap after GC invocations=3 (full 0):
 garbage-first heap   total reserved 8069120K, committed 512000K, used 8302K [0x0000000613800000, 0x0000000800000000)
  region size 4096K, 2 young (8192K), 2 survivors (8192K)
 Metaspace       used 15151K, committed 15424K, reserved 1114112K
  class space    used 1737K, committed 1856K, reserved 1048576K
}
Event: 37,177 GC heap before
{Heap before GC invocations=3 (full 0):
 garbage-first heap   total reserved 8069120K, committed 512000K, used 73838K [0x0000000613800000, 0x0000000800000000)
  region size 4096K, 19 young (77824K), 2 survivors (8192K)
 Metaspace       used 16934K, committed 17280K, reserved 1114112K
  class space    used 1884K, committed 2048K, reserved 1048576K
}
Event: 37,180 GC heap after
{Heap after GC invocations=4 (full 0):
 garbage-first heap   total reserved 8069120K, committed 512000K, used 9482K [0x0000000613800000, 0x0000000800000000)
  region size 4096K, 2 young (8192K), 2 survivors (8192K)
 Metaspace       used 16934K, committed 17280K, reserved 1114112K
  class space    used 1884K, committed 2048K, reserved 1048576K
}

