# JRE version: OpenJDK Runtime Environment Temurin-23.0.2+7 (23.0.2+7) (build 23.0.2+7)
# Java VM: OpenJDK 64-Bit Server VM Temurin-23.0.2+7 (23.0.2+7, mixed mode, sharing, tiered, compressed oops, compressed class ptrs, g1 gc, linux-amd64)
GC Precious Log:
 CardTable entry size: 512
 Card Set container configuration: InlinePtr #cards 4 size 8 Array Of Cards #cards 32 size 80 Howl #buckets 8 coarsen threshold 7372 Howl Bitmap #cards 1024 size 144 coarsen threshold 921 Card regions per heap region 1 cards per card region 8192
 CPUs: 24 total, 24 available
 Memory: 31518M
 Large Page Support: Disabled
 NUMA Support: Disabled
 Compressed Oops: Enabled (Zero based)
 Heap Region Size: 4M
 Heap Min Capacity: 8M
 Heap Initial Capacity: 496M
 Heap Max Capacity: 7880M
 Pre-touch: Disabled
 Parallel Workers: 18
 Concurrent Workers: 5
 Concurrent Refinement Workers: 18
 Periodic GC: Disabled
Heap:
 garbage-first heap   total reserved 8069120K, committed 40960K, used 20134K [0x0000000613800000, 0x0000000800000000)
  region size 4096K, 6 young (24576K), 2 survivors (8192K)
 Metaspace       used 21528K, committed 21952K, reserved 1114112K
  class space    used 2480K, committed 2688K, reserved 1048576K
GC Heap History (10 events):
Event: 0,389 GC heap before
{Heap before GC invocations=0 (full 0):
 garbage-first heap   total reserved 8069120K, committed 512000K, used 25732K [0x0000000613800000, 0x0000000800000000)
  region size 4096K, 6 young (24576K), 0 survivors (0K)
 Metaspace       used 4803K, committed 4992K, reserved 1114112K
  class space    used 533K, committed 640K, reserved 1048576K
}
Event: 0,393 GC heap after
{Heap after GC invocations=1 (full 0):
 garbage-first heap   total reserved 8069120K, committed 512000K, used 3084K [0x0000000613800000, 0x0000000800000000)
  region size 4096K, 1 young (4096K), 1 survivors (4096K)
 Metaspace       used 4803K, committed 4992K, reserved 1114112K
  class space    used 533K, committed 640K, reserved 1048576K
}
Event: 68,959 GC heap before
{Heap before GC invocations=1 (full 0):
 garbage-first heap   total reserved 8069120K, committed 512000K, used 23564K [0x0000000613800000, 0x0000000800000000)
  region size 4096K, 7 young (28672K), 1 survivors (4096K)
 Metaspace       used 6444K, committed 6720K, reserved 1114112K
  class space    used 720K, committed 832K, reserved 1048576K
}
Event: 68,962 GC heap after
{Heap after GC invocations=2 (full 0):
 garbage-first heap   total reserved 8069120K, committed 512000K, used 3935K [0x0000000613800000, 0x0000000800000000)
  region size 4096K, 1 young (4096K), 1 survivors (4096K)
 Metaspace       used 6444K, committed 6720K, reserved 1114112K
  class space    used 720K, committed 832K, reserved 1048576K
}
Event: 69,388 GC heap before
{Heap before GC invocations=2 (full 0):
 garbage-first heap   total reserved 8069120K, committed 512000K, used 65375K [0x0000000613800000, 0x0000000800000000)
  region size 4096K, 17 young (69632K), 1 survivors (4096K)
 Metaspace       used 14345K, committed 14656K, reserved 1114112K
  class space    used 1666K, committed 1792K, reserved 1048576K
}
Event: 69,392 GC heap after
{Heap after GC invocations=3 (full 0):
 garbage-first heap   total reserved 8069120K, committed 512000K, used 7606K [0x0000000613800000, 0x0000000800000000)
  region size 4096K, 2 young (8192K), 2 survivors (8192K)
 Metaspace       used 14345K, committed 14656K, reserved 1114112K
  class space    used 1666K, committed 1792K, reserved 1048576K
}
Event: 70,115 GC heap before
{Heap before GC invocations=3 (full 0):
 garbage-first heap   total reserved 8069120K, committed 512000K, used 73142K [0x0000000613800000, 0x0000000800000000)
  region size 4096K, 18 young (73728K), 2 survivors (8192K)
 Metaspace       used 18453K, committed 18816K, reserved 1114112K
  class space    used 2128K, committed 2304K, reserved 1048576K
}
Event: 70,120 GC heap after
{Heap after GC invocations=4 (full 0):
 garbage-first heap   total reserved 8069120K, committed 512000K, used 6965K [0x0000000613800000, 0x0000000800000000)
  region size 4096K, 2 young (8192K), 2 survivors (8192K)
 Metaspace       used 18453K, committed 18816K, reserved 1114112K
  class space    used 2128K, committed 2304K, reserved 1048576K
}
Event: 70,280 GC heap before
{Heap before GC invocations=4 (full 0):
 garbage-first heap   total reserved 8069120K, committed 512000K, used 27445K [0x0000000613800000, 0x0000000800000000)
  region size 4096K, 9 young (36864K), 2 survivors (8192K)
 Metaspace       used 21177K, committed 21504K, reserved 1114112K
  class space    used 2443K, committed 2560K, reserved 1048576K
}
Event: 70,285 GC heap after
{Heap after GC invocations=5 (full 0):
 garbage-first heap   total reserved 8069120K, committed 512000K, used 7846K [0x0000000613800000, 0x0000000800000000)
  region size 4096K, 2 young (8192K), 2 survivors (8192K)
 Metaspace       used 21177K, committed 21504K, reserved 1114112K
  class space    used 2443K, committed 2560K, reserved 1048576K
}

